This file contains any messages produced by compilers while
running configure, to aid debugging if configure makes a mistake.

It was created by gtk+ configure 3.16.6, which was
generated by GNU Autoconf 2.69.  Invocation command line was

  $ ./configure pkg-config

## --------- ##
## Platform. ##
## --------- ##

hostname = cheen-X551MA
uname -m = x86_64
uname -r = 3.16.0-34-generic
uname -s = Linux
uname -v = #47~14.04.1-Ubuntu SMP Fri Apr 10 17:49:16 UTC 2015

/usr/bin/uname -p = unknown
/bin/uname -X     = unknown

/bin/arch              = unknown
/usr/bin/arch -k       = unknown
/usr/convex/getsysinfo = unknown
/usr/bin/hostinfo      = unknown
/bin/machine           = unknown
/usr/bin/oslevel       = unknown
/bin/universe          = unknown

PATH: /usr/local/sbin
PATH: /usr/local/bin
PATH: /usr/sbin
PATH: /usr/bin
PATH: /sbin
PATH: /bin
PATH: /usr/games
PATH: /usr/local/games


## ----------- ##
## Core tests. ##
## ----------- ##

configure:2971: checking build system type
configure:2982: error: /bin/bash build-aux/config.sub pkg-config failed

## ---------------- ##
## Cache variables. ##
## ---------------- ##

ac_cv_build=
ac_cv_env_ATK_CFLAGS_set=
ac_cv_env_ATK_CFLAGS_value=
ac_cv_env_ATK_LIBS_set=
ac_cv_env_ATK_LIBS_value=
ac_cv_env_BASE_DEPENDENCIES_CFLAGS_set=
ac_cv_env_BASE_DEPENDENCIES_CFLAGS_value=
ac_cv_env_BASE_DEPENDENCIES_LIBS_set=
ac_cv_env_BASE_DEPENDENCIES_LIBS_value=
ac_cv_env_CAIRO_BACKEND_CFLAGS_set=
ac_cv_env_CAIRO_BACKEND_CFLAGS_value=
ac_cv_env_CAIRO_BACKEND_LIBS_set=
ac_cv_env_CAIRO_BACKEND_LIBS_value=
ac_cv_env_CCASFLAGS_set=
ac_cv_env_CCASFLAGS_value=
ac_cv_env_CCAS_set=
ac_cv_env_CCAS_value=
ac_cv_env_CCC_set=
ac_cv_env_CCC_value=
ac_cv_env_CC_set=
ac_cv_env_CC_value=
ac_cv_env_CFLAGS_set=
ac_cv_env_CFLAGS_value=
ac_cv_env_COLORD_CFLAGS_set=
ac_cv_env_COLORD_CFLAGS_value=
ac_cv_env_COLORD_LIBS_set=
ac_cv_env_COLORD_LIBS_value=
ac_cv_env_CPPFLAGS_set=
ac_cv_env_CPPFLAGS_value=
ac_cv_env_CPP_set=
ac_cv_env_CPP_value=
ac_cv_env_CXXCPP_set=
ac_cv_env_CXXCPP_value=
ac_cv_env_CXXFLAGS_set=
ac_cv_env_CXXFLAGS_value=
ac_cv_env_CXX_set=
ac_cv_env_CXX_value=
ac_cv_env_GDK_DEP_CFLAGS_set=
ac_cv_env_GDK_DEP_CFLAGS_value=
ac_cv_env_GDK_DEP_LIBS_set=
ac_cv_env_GDK_DEP_LIBS_value=
ac_cv_env_GMODULE_CFLAGS_set=
ac_cv_env_GMODULE_CFLAGS_value=
ac_cv_env_GMODULE_LIBS_set=
ac_cv_env_GMODULE_LIBS_value=
ac_cv_env_GTKDOC_DEPS_CFLAGS_set=
ac_cv_env_GTKDOC_DEPS_CFLAGS_value=
ac_cv_env_GTKDOC_DEPS_LIBS_set=
ac_cv_env_GTKDOC_DEPS_LIBS_value=
ac_cv_env_GTK_DEP_CFLAGS_set=
ac_cv_env_GTK_DEP_CFLAGS_value=
ac_cv_env_GTK_DEP_LIBS_set=
ac_cv_env_GTK_DEP_LIBS_value=
ac_cv_env_JSON_GLIB_CFLAGS_set=
ac_cv_env_JSON_GLIB_CFLAGS_value=
ac_cv_env_JSON_GLIB_LIBS_set=
ac_cv_env_JSON_GLIB_LIBS_value=
ac_cv_env_LDFLAGS_set=
ac_cv_env_LDFLAGS_value=
ac_cv_env_LIBCANBERRA_CFLAGS_set=
ac_cv_env_LIBCANBERRA_CFLAGS_value=
ac_cv_env_LIBCANBERRA_LIBS_set=
ac_cv_env_LIBCANBERRA_LIBS_value=
ac_cv_env_LIBS_set=
ac_cv_env_LIBS_value=
ac_cv_env_LT_SYS_LIBRARY_PATH_set=
ac_cv_env_LT_SYS_LIBRARY_PATH_value=
ac_cv_env_PKG_CONFIG_FOR_BUILD_set=
ac_cv_env_PKG_CONFIG_FOR_BUILD_value=
ac_cv_env_PKG_CONFIG_LIBDIR_set=
ac_cv_env_PKG_CONFIG_LIBDIR_value=
ac_cv_env_PKG_CONFIG_PATH_set=
ac_cv_env_PKG_CONFIG_PATH_value=
ac_cv_env_PKG_CONFIG_set=
ac_cv_env_PKG_CONFIG_value=
ac_cv_env_REST_CFLAGS_set=
ac_cv_env_REST_CFLAGS_value=
ac_cv_env_REST_LIBS_set=
ac_cv_env_REST_LIBS_value=
ac_cv_env_XMKMF_set=
ac_cv_env_XMKMF_value=
ac_cv_env_build_alias_set=set
ac_cv_env_build_alias_value=pkg-config
ac_cv_env_host_alias_set=set
ac_cv_env_host_alias_value=pkg-config
ac_cv_env_target_alias_set=set
ac_cv_env_target_alias_value=pkg-config

## ----------------- ##
## Output variables. ##
## ----------------- ##

ACLOCAL=''
AMDEPBACKSLASH=''
AMDEP_FALSE=''
AMDEP_TRUE=''
AMTAR=''
AM_BACKSLASH=''
AM_DEFAULT_V=''
AM_DEFAULT_VERBOSITY=''
AM_V=''
AR=''
AS=''
ATK_CFLAGS=''
ATK_LIBS=''
ATK_PREFIX=''
ATK_REQUIRED_VERSION=''
AUTOCONF=''
AUTOHEADER=''
AUTOMAKE=''
AWK=''
BASE_DEPENDENCIES_CFLAGS=''
BASE_DEPENDENCIES_LIBS=''
BUILDOPT_INSTALL_TESTS_FALSE=''
BUILDOPT_INSTALL_TESTS_TRUE=''
BUILD_DYNAMIC_MODULES_FALSE=''
BUILD_DYNAMIC_MODULES_TRUE=''
BUILD_EXEEXT=''
BUILD_OBJEXT=''
CAIRO_BACKEND_CFLAGS=''
CAIRO_BACKEND_LIBS=''
CAIRO_PREFIX=''
CAIRO_REQUIRED_VERSION=''
CATALOGS=''
CATOBJEXT=''
CC=''
CCAS=''
CCASDEPMODE=''
CCASFLAGS=''
CCDEPMODE=''
CC_FOR_BUILD=''
CFLAGS=''
CFLAGS_FOR_BUILD=''
COLORD_CFLAGS=''
COLORD_LIBS=''
CPP=''
CPPFLAGS=''
CPPFLAGS_FOR_BUILD=''
CPP_FOR_BUILD=''
CROSS_COMPILING_FALSE=''
CROSS_COMPILING_TRUE=''
CUPS_API_MAJOR=''
CUPS_API_MINOR=''
CUPS_CFLAGS=''
CUPS_CONFIG=''
CUPS_LIBS=''
CXX=''
CXXCPP=''
CXXDEPMODE=''
CXXFLAGS=''
CYGPATH_W=''
DATADIRNAME=''
DEFS=''
DEPDIR=''
DISABLE_EXPLICIT_DEPS_FALSE=''
DISABLE_EXPLICIT_DEPS_TRUE=''
DISABLE_ON_QUARTZ=''
DISABLE_ON_W32=''
DLLTOOL=''
DSYMUTIL=''
DUMPBIN=''
ECHO_C=''
ECHO_N='-n'
ECHO_T=''
EGREP=''
ENABLE_DOC_CROSS_REFERENCES_FALSE=''
ENABLE_DOC_CROSS_REFERENCES_TRUE=''
ENABLE_GTK_DOC_FALSE=''
ENABLE_GTK_DOC_TRUE=''
ENABLE_MAN_FALSE=''
ENABLE_MAN_TRUE=''
ENABLE_ON_X11=''
EXEEXT=''
EXE_MANIFEST_ARCHITECTURE=''
FGREP=''
GAIL_INET_LIBS=''
GAIL_LT_CURRENT_MINUS_AGE=''
GAIL_LT_VERSION_INFO=''
GDK_BACKENDS=''
GDK_DEP_CFLAGS=''
GDK_DEP_LIBS=''
GDK_EXTRA_CFLAGS=''
GDK_EXTRA_LIBS=''
GDK_HIDDEN_VISIBILITY_CFLAGS=''
GDK_PACKAGES=''
GDK_PIXBUF_LIBS=''
GDK_PIXBUF_REQUIRED_VERSION=''
GDK_PRIVATE_PACKAGES=''
GETTEXT_PACKAGE=''
GLIB_CFLAGS=''
GLIB_CFLAGS_FOR_BUILD=''
GLIB_COMPILE_RESOURCES=''
GLIB_COMPILE_SCHEMAS=''
GLIB_GENMARSHAL=''
GLIB_LIBS=''
GLIB_LIBS_FOR_BUILD=''
GLIB_MKENUMS=''
GLIB_PREFIX=''
GLIB_REQUIRED_VERSION=''
GMODULE_CFLAGS=''
GMODULE_LIBS=''
GMOFILES=''
GMSGFMT=''
GOBJECT_QUERY=''
GREP=''
GSETTINGS_DISABLE_SCHEMAS_COMPILE=''
GSETTINGS_RULES=''
GTKDOC_CHECK=''
GTKDOC_CHECK_PATH=''
GTKDOC_DEPS_CFLAGS=''
GTKDOC_DEPS_LIBS=''
GTKDOC_MKPDF=''
GTKDOC_REBASE=''
GTK_API_VERSION=''
GTK_BINARY_AGE=''
GTK_BINARY_VERSION=''
GTK_DEBUG_FLAGS=''
GTK_DEP_CFLAGS=''
GTK_DEP_LIBS=''
GTK_DOC_BUILD_HTML_FALSE=''
GTK_DOC_BUILD_HTML_TRUE=''
GTK_DOC_BUILD_PDF_FALSE=''
GTK_DOC_BUILD_PDF_TRUE=''
GTK_DOC_USE_LIBTOOL_FALSE=''
GTK_DOC_USE_LIBTOOL_TRUE=''
GTK_DOC_USE_REBASE_FALSE=''
GTK_DOC_USE_REBASE_TRUE=''
GTK_EXTRA_CFLAGS=''
GTK_EXTRA_LIBS=''
GTK_INTERFACE_AGE=''
GTK_LINK_FLAGS=''
GTK_MAJOR_VERSION=''
GTK_MICRO_VERSION=''
GTK_MINOR_VERSION=''
GTK_PACKAGES=''
GTK_PRINT_BACKENDS=''
GTK_PRIVATE_PACKAGES=''
GTK_VERSION=''
GTK_XIM_FLAGS=''
HAVE_CLOUDPRINT_FALSE=''
HAVE_CLOUDPRINT_TRUE=''
HAVE_COLORD_FALSE=''
HAVE_COLORD_TRUE=''
HAVE_CUPS_FALSE=''
HAVE_CUPS_TRUE=''
HAVE_CXX_FALSE=''
HAVE_CXX_TRUE=''
HAVE_GTK_DOC_FALSE=''
HAVE_GTK_DOC_TRUE=''
HAVE_HTTP_AUTHSTRING=''
HAVE_INCLUDED_IMMMODULES_FALSE=''
HAVE_INCLUDED_IMMMODULES_TRUE=''
HAVE_INTROSPECTION_FALSE=''
HAVE_INTROSPECTION_TRUE=''
HAVE_LIBCANBERRA_FALSE=''
HAVE_LIBCANBERRA_TRUE=''
HAVE_OBJC_FALSE=''
HAVE_OBJC_TRUE=''
HAVE_PAPI_FALSE=''
HAVE_PAPI_TRUE=''
HTML_DIR=''
INCLUDED_IMMODULE_DEFINE=''
INCLUDED_IMMODULE_OBJ=''
INCLUDE_IM_AM_ET_FALSE=''
INCLUDE_IM_AM_ET_TRUE=''
INCLUDE_IM_BROADWAY_FALSE=''
INCLUDE_IM_BROADWAY_TRUE=''
INCLUDE_IM_CEDILLA_FALSE=''
INCLUDE_IM_CEDILLA_TRUE=''
INCLUDE_IM_CYRILLIC_TRANSLIT_FALSE=''
INCLUDE_IM_CYRILLIC_TRANSLIT_TRUE=''
INCLUDE_IM_IME_FALSE=''
INCLUDE_IM_IME_TRUE=''
INCLUDE_IM_INUKTITUT_FALSE=''
INCLUDE_IM_INUKTITUT_TRUE=''
INCLUDE_IM_IPA_FALSE=''
INCLUDE_IM_IPA_TRUE=''
INCLUDE_IM_MULTIPRESS_FALSE=''
INCLUDE_IM_MULTIPRESS_TRUE=''
INCLUDE_IM_QUARTZ_FALSE=''
INCLUDE_IM_QUARTZ_TRUE=''
INCLUDE_IM_THAI_FALSE=''
INCLUDE_IM_THAI_TRUE=''
INCLUDE_IM_TI_ER_FALSE=''
INCLUDE_IM_TI_ER_TRUE=''
INCLUDE_IM_TI_ET_FALSE=''
INCLUDE_IM_TI_ET_TRUE=''
INCLUDE_IM_VIQR_FALSE=''
INCLUDE_IM_VIQR_TRUE=''
INCLUDE_IM_XIM_FALSE=''
INCLUDE_IM_XIM_TRUE=''
INSTALL_DATA=''
INSTALL_PROGRAM=''
INSTALL_SCRIPT=''
INSTALL_STRIP_PROGRAM=''
INSTOBJEXT=''
INTLLIBS=''
INTROSPECTION_CFLAGS=''
INTROSPECTION_COMPILER=''
INTROSPECTION_GENERATE=''
INTROSPECTION_GIRDIR=''
INTROSPECTION_LIBS=''
INTROSPECTION_MAKEFILE=''
INTROSPECTION_REQUIRED_VERSION=''
INTROSPECTION_SCANNER=''
INTROSPECTION_TYPELIBDIR=''
JSON_GLIB_CFLAGS=''
JSON_GLIB_LIBS=''
LD=''
LDFLAGS=''
LDFLAGS_FOR_BUILD=''
LIBCANBERRA_CFLAGS=''
LIBCANBERRA_LIBS=''
LIBOBJS=''
LIBS=''
LIBTOOL=''
LIB_EXE_MACHINE_FLAG=''
LIPO=''
LN_S=''
LTLIBOBJS=''
LT_CURRENT_MINUS_AGE=''
LT_SYS_LIBRARY_PATH=''
LT_VERSION_INFO=''
MAINT=''
MAINTAINER_MODE_FALSE=''
MAINTAINER_MODE_TRUE=''
MAKEINFO=''
MANIFEST_TOOL=''
MATH_LIB=''
MKDIR_P=''
MKINSTALLDIRS=''
MSGFMT=''
MSGFMT_OPTS=''
MS_LIB_AVAILABLE_FALSE=''
MS_LIB_AVAILABLE_TRUE=''
NM=''
NMEDIT=''
OBJDUMP=''
OBJEXT=''
OS_DARWIN_FALSE=''
OS_DARWIN_TRUE=''
OS_LINUX_FALSE=''
OS_LINUX_TRUE=''
OS_UNIX_FALSE=''
OS_UNIX_TRUE=''
OS_WIN32_FALSE=''
OS_WIN32_TRUE=''
OTOOL64=''
OTOOL=''
PACKAGE=''
PACKAGE_BUGREPORT='http://bugzilla.gnome.org/enter_bug.cgi?product=gtk%2B'
PACKAGE_NAME='gtk+'
PACKAGE_STRING='gtk+ 3.16.6'
PACKAGE_TARNAME='gtk+'
PACKAGE_URL=''
PACKAGE_VERSION='3.16.6'
PANGO_PREFIX=''
PANGO_REQUIRED_VERSION=''
PATH_SEPARATOR=':'
PERL=''
PKG_CONFIG=''
PKG_CONFIG_FOR_BUILD=''
PKG_CONFIG_LIBDIR=''
PKG_CONFIG_PATH=''
PLATFORM_WIN32_FALSE=''
PLATFORM_WIN32_TRUE=''
POFILES=''
POSUB=''
PO_IN_DATADIR_FALSE=''
PO_IN_DATADIR_TRUE=''
RANLIB=''
REST_CFLAGS=''
REST_LIBS=''
SED=''
SET_MAKE=''
SHELL='/bin/bash'
SHM_LIBS=''
STRIP=''
TEST_PRINT_BACKEND_FALSE=''
TEST_PRINT_BACKEND_TRUE=''
USE_BROADWAY_FALSE=''
USE_BROADWAY_TRUE=''
USE_MIR_FALSE=''
USE_MIR_TRUE=''
USE_NLS=''
USE_QUARTZ_FALSE=''
USE_QUARTZ_TRUE=''
USE_WAYLAND_FALSE=''
USE_WAYLAND_TRUE=''
USE_WIN32_FALSE=''
USE_WIN32_TRUE=''
USE_X11_FALSE=''
USE_X11_TRUE=''
VERSION=''
WAYLAND_SCANNER=''
WINDRES=''
XGETTEXT=''
XMKMF=''
XMLCATALOG=''
XML_CATALOG_FILE=''
XSLTPROC=''
X_CFLAGS=''
X_EXTRA_LIBS=''
X_LIBS=''
X_PRE_LIBS=''
ac_ct_AR=''
ac_ct_CC=''
ac_ct_CC_FOR_BUILD=''
ac_ct_CXX=''
ac_ct_DUMPBIN=''
am__EXEEXT_FALSE=''
am__EXEEXT_TRUE=''
am__fastdepCCAS_FALSE=''
am__fastdepCCAS_TRUE=''
am__fastdepCC_FALSE=''
am__fastdepCC_TRUE=''
am__fastdepCXX_FALSE=''
am__fastdepCXX_TRUE=''
am__include=''
am__isrc=''
am__leading_dot=''
am__nodep=''
am__quote=''
am__tar=''
am__untar=''
bindir='${exec_prefix}/bin'
build='pkg-config'
build_alias='pkg-config'
build_cpu=''
build_os=''
build_vendor=''
datadir='${datarootdir}'
datarootdir='${prefix}/share'
docdir='${datarootdir}/doc/${PACKAGE_TARNAME}'
dvidir='${docdir}'
exec_prefix='NONE'
gsettingsschemadir=''
host='pkg-config'
host_alias='pkg-config'
host_cpu=''
host_os=''
host_vendor=''
htmldir='${docdir}'
includedir='${prefix}/include'
infodir='${datarootdir}/info'
install_sh=''
libdir='${exec_prefix}/lib'
libexecdir='${exec_prefix}/libexec'
localedir='${datarootdir}/locale'
localstatedir='${prefix}/var'
mandir='${datarootdir}/man'
mkdir_p=''
ms_librarian=''
oldincludedir='/usr/include'
pdfdir='${docdir}'
prefix='NONE'
program_transform_name='s,x,x,'
psdir='${docdir}'
sbindir='${exec_prefix}/sbin'
sharedstatedir='${prefix}/com'
sysconfdir='${prefix}/etc'
target_alias='pkg-config'

## ----------- ##
## confdefs.h. ##
## ----------- ##

/* confdefs.h */
#define PACKAGE_NAME "gtk+"
#define PACKAGE_TARNAME "gtk+"
#define PACKAGE_VERSION "3.16.6"
#define PACKAGE_STRING "gtk+ 3.16.6"
#define PACKAGE_BUGREPORT "http://bugzilla.gnome.org/enter_bug.cgi?product=gtk%2B"
#define PACKAGE_URL ""

configure: exit 1
